TN:
SF:/home/viktoria/Документы/VM/test/cleanup.c
FN:15,22,vm_register_cleanup
FN:28,37,run_cleanups
FN:43,45,vm_request_stop
FNDA:0,vm_register_cleanup
FNDA:1,run_cleanups
FNDA:0,vm_request_stop
FNF:3
FNH:1
DA:15,0
DA:16,0
DA:17,0
DA:18,0
DA:19,0
DA:20,0
DA:21,0
DA:28,1
DA:29,1
DA:30,1
DA:31,1
DA:32,0
DA:33,0
DA:34,0
DA:35,0
DA:37,1
DA:43,0
DA:44,0
DA:45,0
LF:19
LH:5
end_of_record
TN:
SF:/home/viktoria/Документы/VM/test/debug.c
FN:107,109,fprintf_reg
FN:111,119,fprintf_reg_all
FN:121,142,init_logging
FN:144,156,log_instruction
FN:157,189,log_before
FN:192,241,log_after
FN:243,255,close_logging
FN:37,40,opcode_name
FN:42,47,fprintf_binary
FN:49,57,fprintf_inst
FN:73,89,fprintf_mem_bytes
FN:91,105,fprintf_mem_nonzero
FNDA:0,fprintf_reg
FNDA:0,fprintf_reg_all
FNDA:1,init_logging
FNDA:2,log_instruction
FNDA:2,log_before
FNDA:2,log_after
FNDA:1,close_logging
FNDA:2,opcode_name
FNDA:2,fprintf_binary
FNDA:2,fprintf_inst
FNDA:0,fprintf_mem_bytes
FNDA:0,fprintf_mem_nonzero
FNF:12
FNH:8
DA:37,2
DA:38,2
DA:39,2
DA:42,2
DA:43,66
DA:44,64
DA:45,64
DA:47,2
DA:49,2
DA:50,2
DA:51,2
DA:52,2
DA:53,2
DA:55,2
DA:56,2
DA:57,2
DA:73,0
DA:74,0
DA:75,0
DA:76,0
DA:78,0
DA:79,0
DA:82,0
DA:83,0
DA:84,0
DA:85,0
DA:87,0
DA:89,0
DA:91,0
DA:92,0
DA:93,0
DA:94,0
DA:95,0
DA:96,0
DA:97,0
DA:98,0
DA:99,0
DA:102,0
DA:103,0
DA:105,0
DA:107,0
DA:108,0
DA:109,0
DA:111,0
DA:112,0
DA:113,0
DA:114,0
DA:115,0
DA:116,0
DA:118,0
DA:119,0
DA:121,1
DA:122,1
DA:124,1
DA:125,1
DA:126,0
DA:127,0
DA:128,0
DA:131,1
DA:132,1
DA:133,1
DA:134,1
DA:135,1
DA:136,1
DA:137,1
DA:138,1
DA:139,1
DA:141,1
DA:144,2
DA:145,2
DA:147,2
DA:149,2
DA:150,2
DA:151,2
DA:152,2
DA:153,2
DA:154,2
DA:155,2
DA:157,2
DA:158,2
DA:160,2
DA:161,2
DA:162,2
DA:166,2
DA:168,0
DA:169,0
DA:170,0
DA:172,0
DA:176,2
DA:178,2
DA:179,2
DA:180,2
DA:182,2
DA:183,2
DA:184,2
DA:185,2
DA:186,2
DA:188,2
DA:192,2
DA:193,2
DA:195,2
DA:198,2
DA:199,514
DA:200,512
DA:201,0
DA:202,0
DA:203,0
DA:205,0
DA:209,2
DA:210,2
DA:214,2
DA:215,2
DA:216,514
DA:217,512
DA:218,0
DA:219,0
DA:220,0
DA:222,0
DA:223,0
DA:224,0
DA:227,2
DA:228,2
DA:232,2
DA:233,2
DA:234,2
DA:236,0
DA:239,2
DA:240,2
DA:243,1
DA:244,1
DA:246,1
DA:247,1
DA:248,1
DA:249,1
DA:250,1
DA:251,1
DA:253,1
DA:254,1
LF:138
LH:85
end_of_record
TN:
SF:/home/viktoria/Документы/VM/test/funcs.c
FN:101,103,op_sub
FN:105,107,op_mul
FN:109,112,op_div
FN:114,117,op_mod
FN:119,121,op_expt
FN:123,123,op_abs
FN:124,124,op_sqrt
FN:125,125,op_ln
FN:126,126,op_log
FN:127,127,op_exp
FN:128,128,op_sin
FN:129,129,op_cos
FN:130,130,op_tan
FN:131,131,op_asin
FN:132,132,op_acos
FN:133,133,op_atan
FN:136,136,op_and
FN:137,137,op_or
FN:138,138,op_xor
FN:139,139,op_not
FN:144,144,op_eq
FN:145,145,op_ne
FN:146,146,op_gt
FN:147,147,op_ge
FN:148,148,op_lt
FN:149,149,op_le
FN:154,157,op_time
FN:159,163,op_date
FN:165,168,op_tod
FN:170,173,op_dt
FN:175,177,op_add_time
FN:179,181,op_sub_time
FN:18,21,safe_mem_remaining
FN:184,184,op_year
FN:185,185,op_month
FN:186,186,op_day
FN:187,187,op_hour
FN:188,188,op_minute
FN:189,189,op_second
FN:195,209,op_write_string
FN:212,222,op_write_const
FN:225,229,op_len
FN:232,247,op_concat
FN:24,30,safe_strlen_at
FN:250,257,op_left
FN:260,270,op_right
FN:274,287,op_mid
FN:290,310,op_insert
FN:313,322,op_delete
FN:325,351,op_replace
FN:33,39,safe_memcpy_from_to
FN:362,372,op_ton
FN:374,384,op_tof
FN:386,396,op_tp
FN:408,424,vm_counters_reset
FN:42,48,safe_memmove
FN:427,439,op_ctu
FN:441,452,op_ctd
FN:454,471,op_ctud
FN:476,483,op_limit
FN:486,494,op_sel
FN:497,503,op_mux
FN:506,508,op_jmp
FN:51,53,safe_set_null
FN:510,514,op_jmp_if
FN:516,520,op_jmp_if_not
FN:526,530,op_halt
FN:533,535,op_nop
FN:537,552,op_exit
FN:57,62,current_tm
FN:65,71,tm_to_tod
FN:74,80,tm_to_date
FN:83,88,tm_to_dt
FN:91,93,tod_to_seconds
FN:97,99,op_add
FNDA:1,op_sub
FNDA:1,op_mul
FNDA:2,op_div
FNDA:2,op_mod
FNDA:1,op_expt
FNDA:1,op_abs
FNDA:1,op_sqrt
FNDA:0,op_ln
FNDA:0,op_log
FNDA:0,op_exp
FNDA:0,op_sin
FNDA:0,op_cos
FNDA:0,op_tan
FNDA:0,op_asin
FNDA:0,op_acos
FNDA:0,op_atan
FNDA:1,op_and
FNDA:1,op_or
FNDA:1,op_xor
FNDA:1,op_not
FNDA:1,op_eq
FNDA:1,op_ne
FNDA:1,op_gt
FNDA:1,op_ge
FNDA:1,op_lt
FNDA:1,op_le
FNDA:0,op_time
FNDA:0,op_date
FNDA:0,op_tod
FNDA:0,op_dt
FNDA:0,op_add_time
FNDA:0,op_sub_time
FNDA:31,safe_mem_remaining
FNDA:0,op_year
FNDA:0,op_month
FNDA:0,op_day
FNDA:0,op_hour
FNDA:0,op_minute
FNDA:0,op_second
FNDA:2,op_write_string
FNDA:3,op_write_const
FNDA:3,op_len
FNDA:2,op_concat
FNDA:16,safe_strlen_at
FNDA:1,op_left
FNDA:1,op_right
FNDA:1,op_mid
FNDA:3,op_insert
FNDA:2,op_delete
FNDA:2,op_replace
FNDA:0,safe_memcpy_from_to
FNDA:0,op_ton
FNDA:0,op_tof
FNDA:0,op_tp
FNDA:8,vm_counters_reset
FNDA:4,safe_memmove
FNDA:7,op_ctu
FNDA:3,op_ctd
FNDA:4,op_ctud
FNDA:0,op_limit
FNDA:0,op_sel
FNDA:0,op_mux
FNDA:2,op_jmp
FNDA:0,safe_set_null
FNDA:2,op_jmp_if
FNDA:2,op_jmp_if_not
FNDA:2,op_halt
FNDA:1,op_nop
FNDA:2,op_exit
FNDA:0,current_tm
FNDA:0,tm_to_tod
FNDA:0,tm_to_date
FNDA:0,tm_to_dt
FNDA:0,tod_to_seconds
FNDA:2,op_add
FNF:75
FNH:41
DA:18,31
DA:19,31
DA:20,31
DA:24,16
DA:25,16
DA:26,16
DA:27,16
DA:28,111
DA:29,16
DA:33,0
DA:34,0
DA:35,0
DA:36,0
DA:37,0
DA:38,0
DA:42,4
DA:43,4
DA:44,4
DA:45,4
DA:46,4
DA:47,4
DA:48,4
DA:51,0
DA:52,0
DA:53,0
DA:57,0
DA:58,0
DA:60,0
DA:61,0
DA:65,0
DA:67,0
DA:68,0
DA:69,0
DA:70,0
DA:74,0
DA:76,0
DA:77,0
DA:78,0
DA:79,0
DA:83,0
DA:85,0
DA:86,0
DA:87,0
DA:91,0
DA:92,0
DA:97,2
DA:98,2
DA:99,2
DA:101,1
DA:102,1
DA:103,1
DA:105,1
DA:106,1
DA:107,1
DA:109,2
DA:110,2
DA:111,2
DA:112,2
DA:114,2
DA:115,2
DA:116,2
DA:117,2
DA:119,1
DA:120,1
DA:121,1
DA:123,1
DA:124,1
DA:125,0
DA:126,0
DA:127,0
DA:128,0
DA:129,0
DA:130,0
DA:131,0
DA:132,0
DA:133,0
DA:136,1
DA:137,1
DA:138,1
DA:139,1
DA:144,1
DA:145,1
DA:146,1
DA:147,1
DA:148,1
DA:149,1
DA:154,0
DA:155,0
DA:156,0
DA:157,0
DA:159,0
DA:160,0
DA:162,0
DA:163,0
DA:165,0
DA:166,0
DA:167,0
DA:168,0
DA:170,0
DA:171,0
DA:172,0
DA:173,0
DA:175,0
DA:176,0
DA:177,0
DA:179,0
DA:180,0
DA:181,0
DA:184,0
DA:185,0
DA:186,0
DA:187,0
DA:188,0
DA:189,0
DA:195,2
DA:196,2
DA:197,2
DA:198,2
DA:199,2
DA:201,1
DA:202,1
DA:203,1
DA:204,1
DA:205,1
DA:207,1
DA:208,1
DA:212,3
DA:213,3
DA:214,3
DA:216,2
DA:217,2
DA:218,2
DA:220,2
DA:221,2
DA:225,3
DA:226,3
DA:227,3
DA:228,2
DA:232,2
DA:233,2
DA:234,2
DA:235,2
DA:236,1
DA:237,1
DA:238,1
DA:239,1
DA:240,1
DA:241,1
DA:242,1
DA:243,1
DA:246,1
DA:250,1
DA:251,1
DA:252,1
DA:253,1
DA:254,1
DA:255,1
DA:256,1
DA:260,1
DA:261,1
DA:262,1
DA:263,1
DA:264,1
DA:265,1
DA:266,1
DA:267,1
DA:268,1
DA:269,1
DA:274,1
DA:275,1
DA:276,1
DA:277,1
DA:278,1
DA:279,1
DA:280,0
DA:281,0
DA:283,1
DA:284,1
DA:285,1
DA:286,1
DA:290,3
DA:291,3
DA:292,3
DA:293,3
DA:294,3
DA:295,2
DA:296,2
DA:297,2
DA:298,2
DA:299,2
DA:300,2
DA:301,2
DA:302,2
DA:303,2
DA:304,2
DA:305,0
DA:307,2
DA:308,2
DA:313,2
DA:314,2
DA:315,2
DA:316,2
DA:317,2
DA:318,1
DA:319,1
DA:320,1
DA:321,1
DA:325,2
DA:326,2
DA:327,2
DA:328,2
DA:329,2
DA:330,1
DA:331,1
DA:332,1
DA:338,1
DA:339,1
DA:342,1
DA:343,1
DA:344,1
DA:345,1
DA:346,1
DA:347,1
DA:348,1
DA:349,1
DA:362,0
DA:363,0
DA:364,0
DA:365,0
DA:367,0
DA:368,0
DA:370,0
DA:371,0
DA:374,0
DA:375,0
DA:376,0
DA:377,0
DA:379,0
DA:380,0
DA:382,0
DA:383,0
DA:386,0
DA:387,0
DA:388,0
DA:389,0
DA:391,0
DA:392,0
DA:394,0
DA:395,0
DA:408,8
DA:409,136
DA:410,128
DA:411,128
DA:412,128
DA:413,128
DA:414,128
DA:415,128
DA:418,136
DA:419,128
DA:420,128
DA:421,128
DA:422,128
DA:424,8
DA:427,7
DA:428,7
DA:429,7
DA:430,7
DA:431,7
DA:432,7
DA:433,7
DA:434,3
DA:436,7
DA:438,7
DA:441,3
DA:442,3
DA:443,3
DA:444,3
DA:445,3
DA:446,3
DA:447,3
DA:448,2
DA:450,3
DA:451,3
DA:454,4
DA:455,4
DA:456,4
DA:457,4
DA:458,4
DA:459,4
DA:460,4
DA:461,4
DA:462,2
DA:464,4
DA:465,2
DA:467,4
DA:468,4
DA:470,4
DA:476,0
DA:477,0
DA:478,0
DA:479,0
DA:480,0
DA:481,0
DA:482,0
DA:483,0
DA:486,0
DA:487,0
DA:488,0
DA:489,0
DA:490,0
DA:491,0
DA:492,0
DA:493,0
DA:497,0
DA:498,0
DA:499,0
DA:500,0
DA:501,0
DA:502,0
DA:506,2
DA:507,2
DA:508,2
DA:510,2
DA:511,2
DA:512,1
DA:514,2
DA:516,2
DA:517,2
DA:518,1
DA:520,2
DA:526,2
DA:528,2
DA:529,2
DA:530,2
DA:533,1
DA:535,1
DA:537,2
DA:538,2
DA:542,2
DA:543,1
DA:545,1
DA:549,2
DA:550,2
DA:551,2
DA:552,2
LF:345
LH:230
end_of_record
TN:
SF:/home/viktoria/Документы/VM/test/hashing.c
FN:103,105,copy_key
FN:107,109,copy_val
FN:111,113,free_key
FN:115,117,free_val
FN:119,121,is_active_bin
FN:124,133,key_in_bin
FN:140,155,find_key
FN:158,169,find_empty
FN:176,184,free_bin
FN:187,207,store_in_bin
FN:224,257,init_table
FN:260,270,resize
FN:276,291,hash_table_create
FN:293,304,hash_table_destroy
FN:307,328,hash_table_insert_internal
FN:33,48,crc32_init_table
FN:330,344,hash_table_insert
FN:346,352,hash_table_lookup
FN:354,366,hash_table_delete
FN:368,370,hash_table_contains
FN:377,380,uint32_hash
FN:382,384,uint32_compare
FN:386,390,uint32_copy
FN:392,394,uint32_free
FN:409,412,string_hash
FN:414,416,string_compare
FN:418,420,string_copy
FN:422,424,string_free
FN:439,442,ptr_hash
FN:444,446,ptr_compare
FN:448,450,ptr_copy
FN:452,454,ptr_free
FN:468,470,calculate_registers_hash
FN:472,479,calculate_memory_hash
FN:481,487,verify_data_integrity
FN:50,64,crc32
FN:66,69,crc32_begin
FN:71,80,crc32_update
FN:82,84,crc32_finalize
FN:91,93,probe
FN:99,101,hash_key_for
FNDA:208,copy_key
FNDA:208,copy_val
FNDA:208,free_key
FNDA:208,free_val
FNDA:3025,is_active_bin
FNDA:1918,key_in_bin
FNDA:895,find_key
FNDA:550,find_empty
FNDA:1107,free_bin
FNDA:552,store_in_bin
FNDA:30,init_table
FNDA:16,resize
FNDA:14,hash_table_create
FNDA:14,hash_table_destroy
FNDA:552,hash_table_insert_internal
FNDA:4,crc32_init_table
FNDA:208,hash_table_insert
FNDA:228,hash_table_lookup
FNDA:115,hash_table_delete
FNDA:0,hash_table_contains
FNDA:452,uint32_hash
FNDA:207,uint32_compare
FNDA:279,uint32_copy
FNDA:279,uint32_free
FNDA:7,string_hash
FNDA:3,string_compare
FNDA:4,string_copy
FNDA:4,string_free
FNDA:2,ptr_hash
FNDA:1,ptr_compare
FNDA:73,ptr_copy
FNDA:73,ptr_free
FNDA:4,calculate_registers_hash
FNDA:10,calculate_memory_hash
FNDA:0,verify_data_integrity
FNDA:580,crc32
FNDA:104,crc32_begin
FNDA:1145,crc32_update
FNDA:104,crc32_finalize
FNDA:3792,probe
FNDA:551,hash_key_for
FNF:41
FNH:39
DA:33,4
DA:34,4
DA:36,1028
DA:37,1024
DA:38,9216
DA:39,8192
DA:40,4096
DA:42,4096
DA:45,1024
DA:47,4
DA:48,4
DA:50,580
DA:51,580
DA:52,4
DA:55,580
DA:56,580
DA:58,6477116
DA:59,6476536
DA:60,6476536
DA:63,580
DA:66,104
DA:67,104
DA:68,104
DA:71,1145
DA:72,1145
DA:74,1145
DA:75,4376214
DA:76,4375069
DA:77,4375069
DA:79,1145
DA:82,104
DA:83,104
DA:91,3792
DA:92,3792
DA:99,551
DA:100,551
DA:103,208
DA:104,208
DA:107,208
DA:108,208
DA:111,208
DA:112,208
DA:113,208
DA:115,208
DA:116,208
DA:117,208
DA:119,3025
DA:120,3025
DA:124,1918
DA:130,1918
DA:131,3364
DA:132,1446
DA:140,895
DA:145,2542
DA:146,2542
DA:148,2542
DA:149,895
DA:153,0
DA:158,550
DA:159,1250
DA:160,1250
DA:162,1250
DA:163,550
DA:167,0
DA:176,1107
DA:177,1107
DA:178,208
DA:179,208
DA:181,208
DA:182,208
DA:184,1107
DA:187,552
DA:195,552
DA:196,552
DA:199,552
DA:202,552
DA:203,552
DA:204,552
DA:205,552
DA:206,552
DA:207,552
DA:224,30
DA:231,30
DA:232,30
DA:233,0
DA:234,0
DA:237,30
DA:238,30
DA:239,30
DA:242,1470
DA:243,1440
DA:244,1440
DA:248,30
DA:249,1016
DA:250,1000
DA:252,344
DA:257,30
DA:260,16
DA:262,16
DA:263,16
DA:266,16
DA:269,16
DA:270,16
DA:276,14
DA:280,14
DA:281,14
DA:282,0
DA:285,14
DA:286,14
DA:288,14
DA:290,14
DA:293,14
DA:294,14
DA:297,454
DA:298,440
DA:302,14
DA:303,14
DA:307,552
DA:314,552
DA:316,552
DA:318,550
DA:322,552
DA:325,552
DA:326,13
DA:328,552
DA:330,208
DA:336,208
DA:339,208
DA:340,208
DA:343,208
DA:344,208
DA:346,228
DA:347,228
DA:348,228
DA:351,228
DA:354,115
DA:355,115
DA:356,115
DA:359,115
DA:362,115
DA:363,115
DA:364,3
DA:366,115
DA:368,0
DA:369,0
DA:377,452
DA:378,452
DA:379,452
DA:382,207
DA:383,207
DA:386,279
DA:387,279
DA:388,279
DA:389,279
DA:392,279
DA:393,279
DA:394,279
DA:409,7
DA:410,7
DA:411,7
DA:414,3
DA:415,3
DA:418,4
DA:419,4
DA:422,4
DA:423,4
DA:424,4
DA:439,2
DA:440,2
DA:441,2
DA:444,1
DA:445,1
DA:448,73
DA:449,73
DA:452,73
DA:454,73
DA:468,4
DA:469,4
DA:472,10
DA:477,10
DA:478,10
DA:481,0
DA:486,0
LF:183
LH:174
end_of_record
TN:
SF:/home/viktoria/Документы/VM/test/include/funcs.h
FN:73,73,Av
FN:74,74,A
FN:75,75,Bv
FN:76,76,Cv
FN:77,77,SetA_val
FN:81,83,sext
FNDA:2,Av
FNDA:1,A
FNDA:37,Bv
FNDA:6,Cv
FNDA:24,SetA_val
FNDA:23,sext
FNF:6
FNH:6
DA:73,2
DA:74,1
DA:75,37
DA:76,6
DA:77,24
DA:81,23
DA:82,23
LF:7
LH:7
end_of_record
TN:
SF:/home/viktoria/Документы/VM/test/include/vm32.h
FN:86,92,mr32
FN:94,99,mw32
FNDA:73,mr32
FNDA:71,mw32
FNF:2
FNH:2
DA:86,73
DA:87,73
DA:88,73
DA:89,73
DA:90,73
DA:91,73
DA:94,71
DA:95,71
DA:96,71
DA:97,71
DA:98,71
DA:99,71
LF:12
LH:12
end_of_record
TN:
SF:/home/viktoria/Документы/VM/test/testing/test_decode.c
FN:11,15,report
FN:17,107,main
FNDA:18,report
FNDA:1,main
FNF:2
FNH:2
DA:11,18
DA:12,18
DA:13,18
DA:14,0
DA:15,18
DA:17,1
DA:18,1
DA:21,1
DA:22,1
DA:23,1
DA:26,1
DA:27,1
DA:28,1
DA:30,1
DA:31,1
DA:32,1
DA:34,1
DA:35,1
DA:38,1
DA:39,1
DA:40,1
DA:41,1
DA:42,1
DA:43,1
DA:44,1
DA:47,1
DA:48,1
DA:51,1
DA:52,1
DA:53,1
DA:54,1
DA:55,1
DA:56,1
DA:57,1
DA:58,1
DA:62,1
DA:63,1
DA:64,1
DA:66,2
DA:67,1
DA:70,1
DA:71,1
DA:73,1
DA:74,1
DA:75,1
DA:76,1
DA:80,1
DA:81,1
DA:83,1
DA:87,1
DA:88,65
DA:89,64
DA:90,64
DA:91,64
DA:92,64
DA:94,1
DA:97,1
DA:98,1
DA:100,1
DA:101,1
DA:102,1
DA:104,0
DA:105,0
LF:63
LH:60
end_of_record
TN:
SF:/home/viktoria/Документы/VM/test/testing/test_funcs_alu.c
FN:118,140,test_comparisons
FN:143,150,test_immediate_sext
FN:153,171,main
FN:22,24,build_instr
FN:34,38,reset_vm_state
FN:41,55,test_add_sub_mul
FN:57,77,test_div_mod_and_divbyzero
FN:79,96,test_expt_abs_sqrt
FN:98,116,test_bitwise_ops
FNDA:1,test_comparisons
FNDA:1,test_immediate_sext
FNDA:1,main
FNDA:21,build_instr
FNDA:6,reset_vm_state
FNDA:1,test_add_sub_mul
FNDA:1,test_div_mod_and_divbyzero
FNDA:1,test_expt_abs_sqrt
FNDA:1,test_bitwise_ops
FNF:9
FNH:9
DA:22,21
DA:23,21
DA:34,6
DA:35,6
DA:36,6
DA:37,1542
DA:38,6
DA:41,1
DA:42,1
DA:43,1
DA:44,1
DA:45,1
DA:46,1
DA:48,1
DA:49,1
DA:50,1
DA:52,1
DA:53,1
DA:54,1
DA:55,1
DA:57,1
DA:58,1
DA:59,1
DA:60,1
DA:61,1
DA:62,1
DA:64,1
DA:65,1
DA:66,1
DA:69,1
DA:70,1
DA:71,1
DA:72,1
DA:74,1
DA:75,1
DA:76,1
DA:77,1
DA:79,1
DA:80,1
DA:81,1
DA:83,1
DA:84,1
DA:85,1
DA:87,1
DA:88,1
DA:89,1
DA:90,1
DA:92,1
DA:93,1
DA:94,1
DA:95,1
DA:96,1
DA:98,1
DA:99,1
DA:100,1
DA:101,1
DA:102,1
DA:103,1
DA:105,1
DA:106,1
DA:107,1
DA:109,1
DA:110,1
DA:111,1
DA:113,1
DA:114,1
DA:115,1
DA:116,1
DA:118,1
DA:119,1
DA:120,1
DA:123,1
DA:124,1
DA:126,1
DA:127,1
DA:129,1
DA:130,1
DA:132,1
DA:133,1
DA:135,1
DA:136,1
DA:138,1
DA:139,1
DA:140,1
DA:143,1
DA:144,1
DA:145,1
DA:147,1
DA:148,1
DA:149,1
DA:150,1
DA:153,1
DA:154,1
DA:156,1
DA:157,1
DA:158,1
DA:159,1
DA:160,1
DA:161,1
DA:163,1
DA:164,1
DA:165,1
DA:166,1
DA:168,0
DA:169,0
LF:105
LH:103
end_of_record
TN:
SF:/home/viktoria/Документы/VM/test/testing/test_funcs_counters.c
FN:102,134,test_ctd_basic_and_limits
FN:136,186,test_ctud_basic_and_limits
FN:17,23,make_instr
FN:188,204,main
FN:37,81,test_ctu_basic
FN:83,100,test_ctu_limits
FNDA:1,test_ctd_basic_and_limits
FNDA:1,test_ctud_basic_and_limits
FNDA:4,make_instr
FNDA:1,main
FNDA:1,test_ctu_basic
FNDA:1,test_ctu_limits
FNF:6
FNH:6
DA:17,4
DA:18,4
DA:19,4
DA:20,8
DA:21,4
DA:22,4
DA:37,1
DA:38,1
DA:40,1
DA:41,1
DA:42,1
DA:43,1
DA:46,1
DA:49,1
DA:52,1
DA:53,1
DA:54,1
DA:55,1
DA:58,1
DA:59,1
DA:60,1
DA:61,1
DA:64,1
DA:65,1
DA:66,1
DA:67,1
DA:70,1
DA:71,1
DA:72,1
DA:73,1
DA:76,1
DA:77,1
DA:78,1
DA:80,1
DA:81,1
DA:83,1
DA:84,1
DA:86,1
DA:87,1
DA:88,1
DA:91,1
DA:93,1
DA:94,1
DA:95,1
DA:96,1
DA:97,1
DA:98,1
DA:99,1
DA:100,1
DA:102,1
DA:103,1
DA:105,1
DA:106,1
DA:109,1
DA:112,1
DA:115,1
DA:116,1
DA:117,1
DA:118,1
DA:121,1
DA:122,1
DA:123,1
DA:125,1
DA:128,1
DA:129,1
DA:130,1
DA:131,1
DA:132,1
DA:133,1
DA:134,1
DA:136,1
DA:137,1
DA:139,1
DA:140,1
DA:145,1
DA:148,1
DA:149,1
DA:150,1
DA:151,1
DA:153,1
DA:154,1
DA:155,1
DA:158,1
DA:159,1
DA:160,1
DA:161,1
DA:162,1
DA:163,1
DA:164,1
DA:165,1
DA:168,1
DA:169,1
DA:170,1
DA:171,1
DA:172,1
DA:173,1
DA:174,1
DA:175,1
DA:178,1
DA:179,1
DA:180,1
DA:181,1
DA:182,1
DA:183,1
DA:184,1
DA:185,1
DA:186,1
DA:188,1
DA:189,1
DA:191,1
DA:192,1
DA:193,1
DA:194,1
DA:196,1
DA:197,1
DA:198,1
DA:199,1
DA:201,0
DA:202,0
LF:119
LH:117
end_of_record
TN:
SF:/home/viktoria/Документы/VM/test/testing/test_funcs_jmp.c
FN:123,138,main
FN:17,19,build_instr
FN:31,36,reset_vm_state
FN:39,55,test_jmp_immediate_and_reg
FN:57,91,test_jmp_if_and_jmp_if_not
FN:93,121,test_exit_and_halt_behavior
FNDA:1,main
FNDA:9,build_instr
FNDA:8,reset_vm_state
FNDA:1,test_jmp_immediate_and_reg
FNDA:1,test_jmp_if_and_jmp_if_not
FNDA:1,test_exit_and_halt_behavior
FNF:6
FNH:6
DA:17,9
DA:18,9
DA:31,8
DA:32,8
DA:33,8
DA:34,2056
DA:35,8
DA:36,8
DA:39,1
DA:40,1
DA:43,1
DA:44,1
DA:45,1
DA:46,1
DA:49,1
DA:50,1
DA:51,1
DA:52,1
DA:53,1
DA:54,1
DA:55,1
DA:57,1
DA:58,1
DA:61,1
DA:63,1
DA:64,1
DA:65,1
DA:66,1
DA:67,1
DA:70,1
DA:71,1
DA:72,1
DA:73,1
DA:74,1
DA:75,1
DA:78,1
DA:79,1
DA:80,1
DA:81,1
DA:82,1
DA:83,1
DA:84,1
DA:86,1
DA:87,1
DA:88,1
DA:89,1
DA:90,1
DA:91,1
DA:93,1
DA:94,1
DA:97,1
DA:98,1
DA:99,1
DA:100,1
DA:101,1
DA:102,1
DA:105,1
DA:106,1
DA:107,1
DA:108,1
DA:109,1
DA:110,1
DA:111,1
DA:112,1
DA:116,1
DA:117,1
DA:118,1
DA:119,1
DA:120,1
DA:121,1
DA:123,1
DA:124,1
DA:126,1
DA:127,1
DA:128,1
DA:130,1
DA:131,1
DA:132,1
DA:133,1
DA:135,0
DA:136,0
LF:81
LH:79
end_of_record
TN:
SF:/home/viktoria/Документы/VM/test/testing/test_funcs_string.c
FN:124,180,test_insert_delete_replace
FN:18,24,make_instr
FN:184,257,test_negative_cases
FN:260,282,main
FN:28,48,test_write_const_and_len
FN:50,77,test_write_string_with_maxlen
FN:79,96,test_concat_basic
FN:98,122,test_left_right_mid
FNDA:1,test_insert_delete_replace
FNDA:20,make_instr
FNDA:1,test_negative_cases
FNDA:1,main
FNDA:1,test_write_const_and_len
FNDA:1,test_write_string_with_maxlen
FNDA:1,test_concat_basic
FNDA:1,test_left_right_mid
FNF:8
FNH:8
DA:18,20
DA:19,20
DA:20,20
DA:21,40
DA:22,20
DA:23,20
DA:28,1
DA:29,1
DA:30,257
DA:32,1
DA:33,1
DA:34,1
DA:36,1
DA:37,1
DA:39,1
DA:40,1
DA:42,1
DA:43,1
DA:44,1
DA:45,1
DA:46,1
DA:47,1
DA:48,1
DA:50,1
DA:51,1
DA:52,257
DA:54,1
DA:55,1
DA:56,1
DA:58,1
DA:59,1
DA:60,1
DA:61,1
DA:63,1
DA:64,1
DA:65,1
DA:67,1
DA:68,1
DA:70,1
DA:71,1
DA:72,1
DA:73,1
DA:74,1
DA:75,1
DA:77,1
DA:79,1
DA:80,1
DA:81,257
DA:83,1
DA:84,1
DA:85,1
DA:87,1
DA:88,1
DA:89,1
DA:91,1
DA:92,1
DA:94,1
DA:95,1
DA:96,1
DA:98,1
DA:99,1
DA:100,257
DA:102,1
DA:103,1
DA:105,1
DA:106,1
DA:107,1
DA:108,1
DA:109,1
DA:111,1
DA:112,1
DA:113,1
DA:114,1
DA:115,1
DA:117,1
DA:118,1
DA:119,1
DA:120,1
DA:121,1
DA:122,1
DA:124,1
DA:125,1
DA:126,257
DA:128,1
DA:129,1
DA:130,1
DA:131,1
DA:133,1
DA:134,1
DA:135,1
DA:136,1
DA:137,1
DA:138,1
DA:140,1
DA:141,1
DA:142,1
DA:143,1
DA:145,1
DA:146,1
DA:147,1
DA:148,1
DA:149,1
DA:151,1
DA:152,1
DA:153,4
DA:154,4
DA:156,1
DA:158,1
DA:159,1
DA:160,1
DA:161,1
DA:162,1
DA:163,1
DA:164,1
DA:165,1
DA:167,1
DA:168,1
DA:169,1
DA:170,1
DA:172,1
DA:173,1
DA:174,1
DA:175,1
DA:176,1
DA:177,1
DA:178,1
DA:179,1
DA:180,1
DA:184,1
DA:185,1
DA:186,257
DA:189,1
DA:190,1
DA:191,1
DA:194,1
DA:195,1
DA:196,1
DA:197,1
DA:198,1
DA:201,1
DA:202,1
DA:203,1
DA:204,1
DA:205,1
DA:206,1
DA:207,1
DA:210,1
DA:211,1
DA:212,1
DA:213,1
DA:214,1
DA:215,1
DA:218,1
DA:219,1
DA:220,1
DA:221,1
DA:222,1
DA:223,1
DA:226,1
DA:227,1
DA:228,1
DA:229,1
DA:230,1
DA:231,1
DA:234,1
DA:235,1
DA:236,1
DA:237,1
DA:238,1
DA:239,1
DA:242,1
DA:243,1
DA:244,1
DA:245,1
DA:246,1
DA:247,1
DA:248,1
DA:251,1
DA:252,1
DA:253,1
DA:254,1
DA:255,1
DA:256,1
DA:257,1
DA:260,1
DA:261,1
DA:262,1
DA:264,1
DA:265,1
DA:266,1
DA:267,1
DA:268,1
DA:269,1
DA:270,1
DA:272,1
DA:273,1
DA:274,1
DA:275,1
DA:276,1
DA:278,0
DA:279,0
DA:280,0
LF:202
LH:199
end_of_record
TN:
SF:/home/viktoria/Документы/VM/test/testing/test_hashing.c
FN:112,112,const_hash
FN:113,113,uint32_eq
FN:114,114,uint32_cpy_local
FN:115,115,uint32_del_local
FN:128,155,test_collision_and_probing
FN:160,178,test_string_and_ptr_types
FN:183,205,test_smc_scenario
FN:20,32,test_crc32_vectors
FN:208,218,fill_rand
FN:221,253,test_crc32_random_buffers
FN:258,293,test_crc32_1MiB_incremental
FN:296,311,test_crc32_edge_cases
FN:316,342,main
FN:37,67,test_memory_and_register_hash
FN:72,106,test_hash_table_basic
FNDA:90,const_hash
FNDA:1235,uint32_eq
FNDA:60,uint32_cpy_local
FNDA:60,uint32_del_local
FNDA:1,test_collision_and_probing
FNDA:1,test_string_and_ptr_types
FNDA:1,test_smc_scenario
FNDA:1,test_crc32_vectors
FNDA:101,fill_rand
FNDA:1,test_crc32_random_buffers
FNDA:1,test_crc32_1MiB_incremental
FNDA:1,test_crc32_edge_cases
FNDA:1,main
FNDA:1,test_memory_and_register_hash
FNDA:1,test_hash_table_basic
FNF:15
FNH:15
DA:20,1
DA:21,1
DA:22,1
DA:23,1
DA:24,1
DA:27,1
DA:28,1
DA:29,1
DA:30,1
DA:31,1
DA:32,1
DA:37,1
DA:39,1
DA:41,1
DA:42,1
DA:43,1
DA:46,1
DA:47,1
DA:48,1
DA:51,1
DA:52,1
DA:53,1
DA:56,1
DA:57,1
DA:58,1
DA:59,1
DA:62,1
DA:63,1
DA:64,1
DA:65,1
DA:66,1
DA:67,1
DA:72,1
DA:73,1
DA:74,1
DA:77,101
DA:78,100
DA:80,1
DA:82,101
DA:83,100
DA:84,100
DA:88,1
DA:89,1
DA:90,1
DA:91,1
DA:92,1
DA:93,1
DA:94,1
DA:97,96
DA:98,1
DA:100,6
DA:101,5
DA:102,5
DA:105,1
DA:106,1
DA:112,90
DA:113,1235
DA:114,60
DA:115,60
DA:128,1
DA:129,1
DA:130,1
DA:133,31
DA:134,30
DA:138,31
DA:139,30
DA:140,30
DA:144,21
DA:145,6
DA:146,5
DA:147,5
DA:149,6
DA:150,5
DA:151,5
DA:154,1
DA:155,1
DA:160,1
DA:161,1
DA:162,1
DA:163,1
DA:164,1
DA:165,1
DA:166,1
DA:168,1
DA:171,1
DA:172,1
DA:173,1
DA:174,1
DA:175,1
DA:176,1
DA:177,1
DA:178,1
DA:183,1
DA:185,1
DA:186,1
DA:187,1
DA:189,1
DA:190,1
DA:193,1
DA:194,1
DA:195,1
DA:198,1
DA:199,1
DA:202,1
DA:204,1
DA:205,1
DA:208,101
DA:210,4375160
DA:211,4375059
DA:212,4375059
DA:213,4375059
DA:214,4375059
DA:215,4375059
DA:216,4375059
DA:218,101
DA:221,1
DA:222,1
DA:223,1
DA:224,1
DA:226,101
DA:227,100
DA:228,100
DA:229,100
DA:230,100
DA:232,100
DA:235,100
DA:236,100
DA:237,100
DA:238,1210
DA:239,1110
DA:240,1110
DA:241,1110
DA:242,1110
DA:243,1110
DA:245,100
DA:248,100
DA:249,100
DA:251,100
DA:253,1
DA:258,1
DA:259,1
DA:260,1
DA:261,1
DA:262,1
DA:263,1
DA:264,1
DA:266,1
DA:269,1
DA:270,1
DA:271,1
DA:272,32
DA:274,31
DA:275,31
DA:276,31
DA:277,31
DA:278,31
DA:280,1
DA:282,1
DA:285,1
DA:290,1
DA:292,1
DA:293,1
DA:296,1
DA:297,1
DA:298,1
DA:299,1
DA:300,1
DA:301,1
DA:302,1
DA:303,1
DA:305,1
DA:306,1
DA:307,1
DA:308,1
DA:309,1
DA:310,1
DA:311,1
DA:316,1
DA:317,1
DA:318,1
DA:319,1
DA:320,1
DA:321,1
DA:322,1
DA:323,1
DA:325,1
DA:327,1
DA:329,1
DA:330,1
DA:331,1
DA:334,1
DA:335,1
DA:336,1
DA:337,1
DA:339,0
DA:340,0
LF:196
LH:194
end_of_record
TN:
SF:/home/viktoria/Документы/VM/test/testing/test_labels.c
FN:15,35,test_labels_basic
FN:37,48,main
FNDA:1,test_labels_basic
FNDA:1,main
FNF:2
FNH:2
DA:15,1
DA:16,1
DA:18,1
DA:19,1
DA:20,1
DA:21,1
DA:22,1
DA:26,1
DA:27,1
DA:28,1
DA:31,1
DA:32,1
DA:34,1
DA:35,1
DA:37,1
DA:38,1
DA:39,1
DA:40,1
DA:41,1
DA:42,1
DA:43,1
DA:45,0
DA:46,0
LF:23
LH:21
end_of_record
TN:
SF:/home/viktoria/Документы/VM/test/testing/test_program_flow.c
FN:23,29,make_instr
FN:31,127,main
FNDA:2,make_instr
FNDA:1,main
FNF:2
FNH:2
DA:23,2
DA:24,2
DA:25,2
DA:26,2
DA:27,4
DA:28,2
DA:31,1
DA:32,1
DA:35,1
DA:36,1
DA:37,0
DA:38,0
DA:42,257
DA:45,1
DA:46,1
DA:47,1
DA:50,1
DA:51,1
DA:54,1
DA:55,1
DA:56,0
DA:57,0
DA:58,0
DA:60,1
DA:61,1
DA:62,1
DA:63,1
DA:68,1
DA:69,1
DA:72,1
DA:73,1
DA:76,1
DA:77,1
DA:80,1
DA:81,1
DA:82,0
DA:83,0
DA:85,1
DA:86,0
DA:87,0
DA:89,1
DA:93,1
DA:96,1
DA:97,1
DA:99,0
DA:100,0
DA:103,1
DA:104,1
DA:106,0
DA:107,0
DA:110,1
DA:113,1
DA:114,1
DA:115,1
DA:116,1
DA:117,1
DA:119,0
DA:120,0
DA:121,0
DA:122,0
DA:123,0
DA:125,0
DA:126,0
LF:63
LH:43
end_of_record
TN:
SF:/home/viktoria/Документы/VM/test/timers.c
FN:12,15,ms_diff
FN:127,155,update_tonr
FN:157,192,update_tofr
FN:17,23,timers_init
FN:196,204,update_all_timers
FN:207,207,id_ok
FN:209,216,ton_set
FN:218,221,ton_Q
FN:223,230,tof_set
FN:232,235,tof_Q
FN:237,244,tp_set
FN:246,249,tp_Q
FN:26,58,update_ton
FN:60,95,update_tof
FN:97,125,update_tp
FNDA:0,ms_diff
FNDA:16,update_tonr
FNDA:16,update_tofr
FNDA:1,timers_init
FNDA:1,update_all_timers
FNDA:0,id_ok
FNDA:0,ton_set
FNDA:0,ton_Q
FNDA:0,tof_set
FNDA:0,tof_Q
FNDA:0,tp_set
FNDA:0,tp_Q
FNDA:16,update_ton
FNDA:16,update_tof
FNDA:16,update_tp
FNF:15
FNH:7
DA:12,0
DA:13,0
DA:14,0
DA:17,1
DA:18,1
DA:19,1
DA:20,1
DA:21,1
DA:22,1
DA:23,1
DA:26,16
DA:27,16
DA:28,16
DA:29,16
DA:30,16
DA:33,0
DA:35,0
DA:36,0
DA:37,0
DA:38,0
DA:39,0
DA:41,0
DA:43,0
DA:44,0
DA:45,0
DA:46,0
DA:47,0
DA:48,0
DA:52,0
DA:53,0
DA:54,0
DA:57,0
DA:60,16
DA:61,16
DA:62,16
DA:63,16
DA:64,16
DA:67,0
DA:69,0
DA:70,0
DA:71,0
DA:72,0
DA:74,0
DA:75,0
DA:76,0
DA:77,0
DA:80,0
DA:82,0
DA:83,0
DA:84,0
DA:85,0
DA:86,0
DA:87,0
DA:89,0
DA:94,0
DA:97,16
DA:98,16
DA:99,16
DA:100,16
DA:101,16
DA:104,0
DA:106,0
DA:107,0
DA:108,0
DA:109,0
DA:110,0
DA:113,0
DA:115,0
DA:116,0
DA:117,0
DA:118,0
DA:119,0
DA:120,0
DA:124,0
DA:127,16
DA:128,16
DA:130,0
DA:132,0
DA:133,0
DA:134,0
DA:135,0
DA:136,0
DA:139,0
DA:140,0
DA:141,0
DA:142,0
DA:143,0
DA:144,0
DA:145,0
DA:148,0
DA:149,0
DA:150,0
DA:154,0
DA:157,16
DA:158,16
DA:160,0
DA:162,0
DA:163,0
DA:164,0
DA:165,0
DA:168,0
DA:170,0
DA:171,0
DA:172,0
DA:173,0
DA:174,0
DA:175,0
DA:177,0
DA:178,0
DA:179,0
DA:181,0
DA:185,0
DA:186,0
DA:187,0
DA:188,0
DA:191,0
DA:196,1
DA:197,17
DA:198,16
DA:199,16
DA:200,16
DA:201,16
DA:202,16
DA:204,1
DA:207,0
DA:209,0
DA:210,0
DA:211,0
DA:212,0
DA:213,0
DA:214,0
DA:215,0
DA:218,0
DA:219,0
DA:220,0
DA:223,0
DA:224,0
DA:225,0
DA:226,0
DA:227,0
DA:228,0
DA:229,0
DA:232,0
DA:233,0
DA:234,0
DA:237,0
DA:238,0
DA:239,0
DA:240,0
DA:241,0
DA:242,0
DA:243,0
DA:246,0
DA:247,0
DA:248,0
LF:155
LH:34
end_of_record
TN:
SF:/home/viktoria/Документы/VM/test/vm32.c
FN:126,128,vm_decode_instruction
FN:133,148,vm_tables_destroy
FN:151,157,vm_tables_init
FN:159,161,labels_add
FN:163,165,labels_lookup
FN:167,170,bp_set
FN:171,173,bp_clear
FN:174,176,bp_is_set
FN:194,197,handle_sigterm
FN:204,206,init_timer
FN:209,212,get_elapsed_ms
FN:215,239,wait_for_tick
FN:252,459,run_program
FN:461,559,load_programs
FN:88,123,decode_instruction
FNDA:72,vm_decode_instruction
FNDA:3,vm_tables_destroy
FNDA:3,vm_tables_init
FNDA:2,labels_add
FNDA:3,labels_lookup
FNDA:0,bp_set
FNDA:0,bp_clear
FNDA:0,bp_is_set
FNDA:0,handle_sigterm
FNDA:1,init_timer
FNDA:1,get_elapsed_ms
FNDA:2,wait_for_tick
FNDA:1,run_program
FNDA:0,load_programs
FNDA:74,decode_instruction
FNF:15
FNH:10
DA:88,74
DA:89,74
DA:91,74
DA:92,74
DA:93,74
DA:94,2
DA:98,72
DA:100,71
DA:103,71
DA:104,71
DA:105,0
DA:106,0
DA:109,71
DA:110,71
DA:111,71
DA:112,71
DA:113,71
DA:114,71
DA:115,71
DA:120,71
DA:122,71
DA:126,72
DA:127,72
DA:133,3
DA:134,3
DA:135,3
DA:136,3
DA:138,3
DA:139,3
DA:140,3
DA:142,3
DA:143,3
DA:144,3
DA:148,3
DA:151,3
DA:152,3
DA:153,3
DA:155,3
DA:157,3
DA:159,2
DA:160,2
DA:161,2
DA:163,3
DA:164,3
DA:167,0
DA:168,0
DA:169,0
DA:170,0
DA:171,0
DA:172,0
DA:173,0
DA:174,0
DA:175,0
DA:194,0
DA:196,0
DA:197,0
DA:204,1
DA:205,1
DA:206,1
DA:209,1
DA:210,2
DA:211,1
DA:215,2
DA:216,2
DA:217,2
DA:221,0
DA:224,0
DA:227,0
DA:228,0
DA:231,0
DA:232,0
DA:233,0
DA:234,0
DA:238,0
DA:252,1
DA:255,1
DA:256,1
DA:259,1
DA:260,1
DA:263,1
DA:264,1
DA:266,1
DA:267,1
DA:268,1
DA:269,1
DA:270,1
DA:271,1
DA:272,1
DA:275,1
DA:276,2
DA:277,2
DA:278,2
DA:279,1
DA:280,1
DA:282,1
DA:283,1
DA:284,1
DA:288,1
DA:290,1
DA:291,1
DA:294,1
DA:295,1
DA:296,1
DA:297,1
DA:302,1
DA:304,2
DA:305,1
DA:307,1
DA:308,1
DA:312,1
DA:313,1
DA:314,1
DA:316,1
DA:317,1
DA:319,3
DA:321,2
DA:322,0
DA:323,0
DA:325,0
DA:328,2
DA:331,2
DA:332,0
DA:333,0
DA:335,0
DA:338,2
DA:339,2
DA:340,0
DA:342,0
DA:343,0
DA:346,2
DA:348,2
DA:349,0
DA:351,0
DA:352,0
DA:355,2
DA:357,2
DA:358,2
DA:360,2
DA:361,2
DA:364,2
DA:366,2
DA:367,2
DA:369,2
DA:371,0
DA:372,0
DA:373,2
DA:376,2
DA:377,2
DA:380,2
DA:381,2
DA:382,2
DA:383,2
DA:388,1
DA:390,1
DA:391,1
DA:401,1
DA:403,1
DA:404,1
DA:405,1
DA:410,1
DA:413,1
DA:415,1
DA:416,1
DA:417,0
DA:419,0
DA:422,1
DA:423,1
DA:424,0
DA:425,0
DA:428,1
DA:430,1
DA:431,1
DA:432,1
DA:434,1
DA:437,1
DA:438,1
DA:439,1
DA:441,1
DA:442,1
DA:443,1
DA:447,1
DA:451,1
DA:452,1
DA:453,0
DA:454,0
DA:458,1
DA:459,1
DA:461,0
DA:462,0
DA:463,0
DA:464,0
DA:468,0
DA:469,0
DA:470,0
DA:471,0
DA:474,0
DA:475,0
DA:476,0
DA:478,0
DA:479,0
DA:480,0
DA:481,0
DA:482,0
DA:483,0
DA:487,0
DA:488,0
DA:489,0
DA:491,0
DA:492,0
DA:493,0
DA:495,0
DA:496,0
DA:497,0
DA:498,0
DA:499,0
DA:503,0
DA:504,0
DA:506,0
DA:507,0
DA:510,0
DA:511,0
DA:512,0
DA:513,0
DA:514,0
DA:518,0
DA:519,0
DA:520,0
DA:521,0
DA:523,0
DA:525,0
DA:526,0
DA:528,0
DA:531,0
DA:532,0
DA:533,0
DA:536,0
DA:537,0
DA:538,0
DA:539,0
DA:540,0
DA:542,0
DA:545,0
DA:546,0
DA:547,0
DA:550,0
DA:551,0
DA:552,0
DA:553,0
DA:554,0
DA:555,0
DA:556,0
DA:559,0
LF:252
LH:144
end_of_record
